  main.cpp
C:\Users\tal88\Desktop\New_Garage_BefforSecreteryChanges_9.4 (2)\New_Garage_BefforSecreteryChanges_9.4\New_Garage\AvitalShmueli_And_HadarZimberg_Garage\garage.h(52,45): warning C4290: C++ exception specification ignored except to indicate a function is not __declspec(nothrow)
C:\Users\tal88\Desktop\New_Garage_BefforSecreteryChanges_9.4 (2)\New_Garage_BefforSecreteryChanges_9.4\New_Garage\AvitalShmueli_And_HadarZimberg_Garage\garage.h(53,45): warning C4290: C++ exception specification ignored except to indicate a function is not __declspec(nothrow)
C:\Users\tal88\Desktop\New_Garage_BefforSecreteryChanges_9.4 (2)\New_Garage_BefforSecreteryChanges_9.4\New_Garage\AvitalShmueli_And_HadarZimberg_Garage\garage.h(69,45): warning C4290: C++ exception specification ignored except to indicate a function is not __declspec(nothrow)
C:\Users\tal88\Desktop\New_Garage_BefforSecreteryChanges_9.4 (2)\New_Garage_BefforSecreteryChanges_9.4\New_Garage\AvitalShmueli_And_HadarZimberg_Garage\customer.h(40,55): warning C4290: C++ exception specification ignored except to indicate a function is not __declspec(nothrow)
C:\Users\tal88\Desktop\New_Garage_BefforSecreteryChanges_9.4 (2)\New_Garage_BefforSecreteryChanges_9.4\New_Garage\AvitalShmueli_And_HadarZimberg_Garage\customer.h(41,30): warning C4290: C++ exception specification ignored except to indicate a function is not __declspec(nothrow)
C:\Users\tal88\Desktop\New_Garage_BefforSecreteryChanges_9.4 (2)\New_Garage_BefforSecreteryChanges_9.4\New_Garage\AvitalShmueli_And_HadarZimberg_Garage\customer.h(52,42): warning C4290: C++ exception specification ignored except to indicate a function is not __declspec(nothrow)
C:\Users\tal88\Desktop\New_Garage_BefforSecreteryChanges_9.4 (2)\New_Garage_BefforSecreteryChanges_9.4\New_Garage\AvitalShmueli_And_HadarZimberg_Garage\customer.h(54,42): warning C4290: C++ exception specification ignored except to indicate a function is not __declspec(nothrow)
C:\Users\tal88\Desktop\New_Garage_BefforSecreteryChanges_9.4 (2)\New_Garage_BefforSecreteryChanges_9.4\New_Garage\AvitalShmueli_And_HadarZimberg_Garage\customer.h(55,53): warning C4290: C++ exception specification ignored except to indicate a function is not __declspec(nothrow)
C:\Users\tal88\Desktop\New_Garage_BefforSecreteryChanges_9.4 (2)\New_Garage_BefforSecreteryChanges_9.4\New_Garage\AvitalShmueli_And_HadarZimberg_Garage\main.cpp(37,43): warning C4290: C++ exception specification ignored except to indicate a function is not __declspec(nothrow)
C:\Users\tal88\Desktop\New_Garage_BefforSecreteryChanges_9.4 (2)\New_Garage_BefforSecreteryChanges_9.4\New_Garage\AvitalShmueli_And_HadarZimberg_Garage\main.cpp(38,61): warning C4290: C++ exception specification ignored except to indicate a function is not __declspec(nothrow)
C:\Users\tal88\Desktop\New_Garage_BefforSecreteryChanges_9.4 (2)\New_Garage_BefforSecreteryChanges_9.4\New_Garage\AvitalShmueli_And_HadarZimberg_Garage\main.cpp(39,63): warning C4290: C++ exception specification ignored except to indicate a function is not __declspec(nothrow)
C:\Users\tal88\Desktop\New_Garage_BefforSecreteryChanges_9.4 (2)\New_Garage_BefforSecreteryChanges_9.4\New_Garage\AvitalShmueli_And_HadarZimberg_Garage\main.cpp(40,60): warning C4290: C++ exception specification ignored except to indicate a function is not __declspec(nothrow)
C:\Users\tal88\Desktop\New_Garage_BefforSecreteryChanges_9.4 (2)\New_Garage_BefforSecreteryChanges_9.4\New_Garage\AvitalShmueli_And_HadarZimberg_Garage\main.cpp(41,75): warning C4290: C++ exception specification ignored except to indicate a function is not __declspec(nothrow)
C:\Users\tal88\Desktop\New_Garage_BefforSecreteryChanges_9.4 (2)\New_Garage_BefforSecreteryChanges_9.4\New_Garage\AvitalShmueli_And_HadarZimberg_Garage\main.cpp(42,71): warning C4290: C++ exception specification ignored except to indicate a function is not __declspec(nothrow)
C:\Users\tal88\Desktop\New_Garage_BefforSecreteryChanges_9.4 (2)\New_Garage_BefforSecreteryChanges_9.4\New_Garage\AvitalShmueli_And_HadarZimberg_Garage\main.cpp(43,39): warning C4290: C++ exception specification ignored except to indicate a function is not __declspec(nothrow)
C:\Users\tal88\Desktop\New_Garage_BefforSecreteryChanges_9.4 (2)\New_Garage_BefforSecreteryChanges_9.4\New_Garage\AvitalShmueli_And_HadarZimberg_Garage\main.cpp(44,65): warning C4290: C++ exception specification ignored except to indicate a function is not __declspec(nothrow)
C:\Users\tal88\Desktop\New_Garage_BefforSecreteryChanges_9.4 (2)\New_Garage_BefforSecreteryChanges_9.4\New_Garage\AvitalShmueli_And_HadarZimberg_Garage\main.cpp(421,43): warning C4290: C++ exception specification ignored except to indicate a function is not __declspec(nothrow)
C:\Users\tal88\Desktop\New_Garage_BefforSecreteryChanges_9.4 (2)\New_Garage_BefforSecreteryChanges_9.4\New_Garage\AvitalShmueli_And_HadarZimberg_Garage\main.cpp(448,61): warning C4290: C++ exception specification ignored except to indicate a function is not __declspec(nothrow)
C:\Users\tal88\Desktop\New_Garage_BefforSecreteryChanges_9.4 (2)\New_Garage_BefforSecreteryChanges_9.4\New_Garage\AvitalShmueli_And_HadarZimberg_Garage\main.cpp(534,63): warning C4290: C++ exception specification ignored except to indicate a function is not __declspec(nothrow)
C:\Users\tal88\Desktop\New_Garage_BefforSecreteryChanges_9.4 (2)\New_Garage_BefforSecreteryChanges_9.4\New_Garage\AvitalShmueli_And_HadarZimberg_Garage\main.cpp(579,60): warning C4290: C++ exception specification ignored except to indicate a function is not __declspec(nothrow)
C:\Users\tal88\Desktop\New_Garage_BefforSecreteryChanges_9.4 (2)\New_Garage_BefforSecreteryChanges_9.4\New_Garage\AvitalShmueli_And_HadarZimberg_Garage\main.cpp(629,75): warning C4290: C++ exception specification ignored except to indicate a function is not __declspec(nothrow)
C:\Users\tal88\Desktop\New_Garage_BefforSecreteryChanges_9.4 (2)\New_Garage_BefforSecreteryChanges_9.4\New_Garage\AvitalShmueli_And_HadarZimberg_Garage\main.cpp(665,71): warning C4290: C++ exception specification ignored except to indicate a function is not __declspec(nothrow)
C:\Users\tal88\Desktop\New_Garage_BefforSecreteryChanges_9.4 (2)\New_Garage_BefforSecreteryChanges_9.4\New_Garage\AvitalShmueli_And_HadarZimberg_Garage\main.cpp(718,39): warning C4290: C++ exception specification ignored except to indicate a function is not __declspec(nothrow)
C:\Users\tal88\Desktop\New_Garage_BefforSecreteryChanges_9.4 (2)\New_Garage_BefforSecreteryChanges_9.4\New_Garage\AvitalShmueli_And_HadarZimberg_Garage\main.cpp(743,65): warning C4290: C++ exception specification ignored except to indicate a function is not __declspec(nothrow)
  AvitalShmueli_And_HadarZimberg_Garage.vcxproj -> C:\Users\tal88\Desktop\New_Garage_BefforSecreteryChanges_9.4 (2)\New_Garage_BefforSecreteryChanges_9.4\New_Garage\AvitalShmueli_And_HadarZimberg_Garage\x64\Debug\AvitalShmueli_And_HadarZimberg_Garage.exe
